<?xml version="1.0" encoding="UTF-8"?>
<!-- Generated by org.testng.reporters.JUnitReportReporter -->
<testsuite hostname="DESKTOP-GUCMBC3" failures="0" tests="6" name="Write.Grouping" time="0.044" errors="0" timestamp="2022-10-28T17:29:30 IST" skipped="0">
  <testcase classname="Write.Grouping" name="honda1" time="0.015"/>
  <system-out/>
  <testcase classname="Write.Grouping" name="tata1" time="0.005"/>
  <system-out/>
  <testcase classname="Write.Grouping" name="hyundai2" time="0.006"/>
  <system-out/>
  <testcase classname="Write.Grouping" name="honda2" time="0.015"/>
  <system-out/>
  <testcase classname="Write.Grouping" name="tata2" time="0.002"/>
  <system-out/>
  <testcase classname="Write.Grouping" name="hyundai1" time="0.001"/>
  <system-out/>
</testsuite> <!-- Write.Grouping -->
