<?xml version="1.0" encoding="UTF-8"?>
<!-- Generated by org.testng.reporters.JUnitReportReporter -->
<testsuite hostname="DESKTOP-GUCMBC3" failures="0" tests="3" name="Write.Suite" time="39.863" errors="0" timestamp="2022-09-20T09:40:44 CDT" skipped="0">
  <testcase classname="Write.Suite" name="openCricbuzz" time="5.998"/>
  <system-out/>
  <testcase classname="Write.Suite" name="openGoogle" time="4.386"/>
  <system-out/>
  <testcase classname="Write.Suite" name="openFlipkart" time="29.479"/>
  <system-out/>
</testsuite> <!-- Write.Suite -->
