<?xml version="1.0" encoding="UTF-8"?>
<!-- Generated by org.testng.reporters.JUnitReportReporter -->
<testsuite hostname="DESKTOP-GUCMBC3" failures="0" tests="6" name="Write.Dependency" time="0.028" errors="0" timestamp="2022-09-20T09:40:44 CDT" skipped="0">
  <testcase classname="Write.Dependency" name="qualifier" time="0.012"/>
  <system-out/>
  <testcase classname="Write.Dependency" name="leagueMatch1" time="0.002"/>
  <system-out/>
  <testcase classname="Write.Dependency" name="leagueMatch2" time="0.006"/>
  <system-out/>
  <testcase classname="Write.Dependency" name="leagueMatch3" time="0.004"/>
  <system-out/>
  <testcase classname="Write.Dependency" name="semiFinal" time="0.002"/>
  <system-out/>
  <testcase classname="Write.Dependency" name="finalMatch" time="0.002"/>
  <system-out/>
</testsuite> <!-- Write.Dependency -->
