<?xml version="1.0" encoding="UTF-8"?>
<!-- Generated by org.testng.reporters.JUnitReportReporter -->
<testsuite hostname="DESKTOP-GUCMBC3" failures="0" tests="1" name="testData.StudentTestData" time="39.309" errors="0" timestamp="2022-10-31T21:49:02 IST" skipped="0">
  <testcase classname="testData.StudentTestData" name="ImportMarks" time="39.309"/>
  <system-out/>
</testsuite> <!-- testData.StudentTestData -->
