<?xml version="1.0" encoding="UTF-8"?>
<!-- Generated by org.testng.reporters.JUnitReportReporter -->
<testsuite hostname="DESKTOP-GUCMBC3" failures="0" tests="3" name="Write.GoldWrite" time="0.013" errors="0" timestamp="2022-09-20T09:40:44 CDT" skipped="0">
  <testcase classname="Write.GoldWrite" name="fourthTestcase" time="0.002"/>
  <system-out/>
  <testcase classname="Write.GoldWrite" name="secondTestcase" time="0.003"/>
  <system-out/>
  <testcase classname="Write.GoldWrite" name="thirdTestcase" time="0.008"/>
  <system-out/>
</testsuite> <!-- Write.GoldWrite -->
