<?xml version="1.0" encoding="UTF-8"?>
<!-- Generated by org.testng.reporters.JUnitReportReporter -->
<testsuite hostname="DESKTOP-GUCMBC3" failures="0" tests="1" name="Write.Parametrization" time="0.008" errors="0" timestamp="2022-10-28T17:29:30 IST" skipped="0">
  <testcase classname="Write.Parametrization" name="honda" time="0.008"/>
  <system-out/>
</testsuite> <!-- Write.Parametrization -->
